<?xml version="1.0" encoding="UTF-8" ?>
<testsuite tests="98" failures="0" name="tests.TestRunner" time="6.506" errors="0" skipped="0">
  <properties>
[...]
</properties>
  <testcase classname="Scenario: User can order sth and select payment by bank wire" name="Given user is not authenticated" time="0"/>
  <testcase classname="Scenario: User can order sth and select payment by bank wire" name="And user is on the main page" time="0"/>
  <testcase classname="Scenario: User can order sth and select payment by bank wire" name="Given user is registered and logged in to the application" time="0"/>
  <testcase classname="Scenario: User can order sth and select payment by bank wire" name="When user clicks &apos;Home&apos; button" time="0"/>
  <testcase classname="Scenario: User can order sth and select payment by bank wire" name="When user provides search phase" time="0"/>
  <testcase classname="Scenario: User can order sth and select payment by bank wire" name="Then user should see search results" time="0"/>
  <testcase classname="Scenario: User can order sth and select payment by bank wire" name="When user adds to cart first item on the page" time="0"/>
  <testcase classname="Scenario: User can order sth and select payment by bank wire" name="Then user can see &apos;there is an item added to cart&apos; message" time="0"/>
  <testcase classname="Scenario: User can order sth and select payment by bank wire" name="And user proceeds to checkout" time="0"/>
  <testcase classname="Scenario: User can order sth and select payment by bank wire" name="And user proceeds from summary to checkout" time="0"/>
  <testcase classname="Scenario: User can order sth and select payment by bank wire" name="And user proceeds from address to checkout" time="0"/>
  <testcase classname="Scenario: User can order sth and select payment by bank wire" name="And user agrees to TOS" time="0"/>
  <testcase classname="Scenario: User can order sth and select payment by bank wire" name="And user proceeds from shipping to checkout" time="0"/>
  <testcase classname="Scenario: User can order sth and select payment by bank wire" name="And user selects &apos;Pay by bank wire&apos; payment method" time="0"/>
  <testcase classname="Scenario: User can order sth and select payment by bank wire" name="And user confirms an order" time="0"/>
  <testcase classname="Scenario: User can order sth and select payment by bank wire" name="And user clicks &apos;Back to orders&apos;" time="0"/>
  <testcase classname="Scenario: User can order sth and select payment by bank wire" name="Then user is redirected to the order history" time="0"/>
  <testcase classname="Scenario: User can order sth and select payment by bank wire" name="When user clicks &apos;Details&apos;" time="0"/>
  <testcase classname="Scenario: User can order sth and select payment by bank wire" name="Then user can see details of his orders" time="0"/>
  <testcase classname="Scenario: User can order sth and select payment by bank wire" name="Scenario: User can order sth and select payment by bank wire" time="0.748"/>
  <testcase classname="Scenario: User can order sth and select payment by cheque" name="Given user is not authenticated" time="0"/>
  <testcase classname="Scenario: User can order sth and select payment by cheque" name="And user is on the main page" time="0"/>
  <testcase classname="Scenario: User can order sth and select payment by cheque" name="Given user is registered and logged in to the application" time="0"/>
  <testcase classname="Scenario: User can order sth and select payment by cheque" name="When user clicks &apos;Home&apos; button" time="0"/>
  <testcase classname="Scenario: User can order sth and select payment by cheque" name="When user provides search phase" time="0"/>
  <testcase classname="Scenario: User can order sth and select payment by cheque" name="Then user should see search results" time="0"/>
  <testcase classname="Scenario: User can order sth and select payment by cheque" name="When user adds to cart first item on the page" time="0"/>
  <testcase classname="Scenario: User can order sth and select payment by cheque" name="And user proceeds to checkout" time="0"/>
  <testcase classname="Scenario: User can order sth and select payment by cheque" name="And user proceeds from summary to checkout" time="0"/>
  <testcase classname="Scenario: User can order sth and select payment by cheque" name="And user proceeds from address to checkout" time="0"/>
  <testcase classname="Scenario: User can order sth and select payment by cheque" name="And user agrees to TOS" time="0"/>
  <testcase classname="Scenario: User can order sth and select payment by cheque" name="And user proceeds from shipping to checkout" time="0"/>
  <testcase classname="Scenario: User can order sth and select payment by cheque" name="And user selects &apos;Pay by cheque&apos; payment method" time="0"/>
  <testcase classname="Scenario: User can order sth and select payment by cheque" name="And user confirms an order" time="0"/>
  <testcase classname="Scenario: User can order sth and select payment by cheque" name="And user clicks &apos;Back to orders&apos;" time="0"/>
  <testcase classname="Scenario: User can order sth and select payment by cheque" name="Then user is redirected to the order history" time="0"/>
  <testcase classname="Scenario: User can order sth and select payment by cheque" name="When user clicks &apos;Details&apos;" time="0"/>
  <testcase classname="Scenario: User can order sth and select payment by cheque" name="Then user can see details of his orders" time="0"/>
  <testcase classname="Scenario: User can order sth and select payment by cheque" name="Scenario: User can order sth and select payment by cheque" time="0.744"/>
  <testcase classname="| firstname.lastname@domain.com | xyz_password |" name="Given user is not authenticated" time="0"/>
  <testcase classname="| firstname.lastname@domain.com | xyz_password |" name="And user is on the main page" time="0"/>
  <testcase classname="| firstname.lastname@domain.com | xyz_password |" name="Given user is registered in the application with valid login and password" time="0"/>
  <testcase classname="| firstname.lastname@domain.com | xyz_password |" name="When user clicks &apos;Sign in&apos; button" time="0"/>
  <testcase classname="| firstname.lastname@domain.com | xyz_password |" name="And user enters login &quot;firstname.lastname@domain.com&quot;" time="0"/>
  <testcase classname="| firstname.lastname@domain.com | xyz_password |" name="And user enters password &quot;xyz_password&quot;" time="0"/>
  <testcase classname="| firstname.lastname@domain.com | xyz_password |" name="And submit form with the &apos;Sign in&apos; button" time="0"/>
  <testcase classname="| firstname.lastname@domain.com | xyz_password |" name="Then user is redirected to &apos;My account page&apos;" time="0"/>
  <testcase classname="| firstname.lastname@domain.com | xyz_password |" name="When user clicks &apos;My personal information&apos;" time="0"/>
  <testcase classname="| firstname.lastname@domain.com | xyz_password |" name="Then user can see the correct data such as first name, last name, email address and date of birth" time="0"/>
  <testcase classname="| firstname.lastname@domain.com | xyz_password |" name="| firstname.lastname@domain.com | xyz_password |" time="0.71"/>
  <testcase classname="| firstname.lastname@ | xyz_password | Invalid email address. |" name="Given user is not authenticated" time="0"/>
  <testcase classname="| firstname.lastname@ | xyz_password | Invalid email address. |" name="And user is on the main page" time="0"/>
  <testcase classname="| firstname.lastname@ | xyz_password | Invalid email address. |" name="When user clicks &apos;Sign in&apos; button" time="0"/>
  <testcase classname="| firstname.lastname@ | xyz_password | Invalid email address. |" name="And user enters login &quot;firstname.lastname@&quot;" time="0"/>
  <testcase classname="| firstname.lastname@ | xyz_password | Invalid email address. |" name="And user enters password &quot;xyz_password&quot;" time="0"/>
  <testcase classname="| firstname.lastname@ | xyz_password | Invalid email address. |" name="And submit form with the &apos;Sign in&apos; button" time="0"/>
  <testcase classname="| firstname.lastname@ | xyz_password | Invalid email address. |" name="Then user can see relevant validation message: &quot;Invalid email address.&quot;" time="0"/>
  <testcase classname="| firstname.lastname@ | xyz_password | Invalid email address. |" name="| firstname.lastname@ | xyz_password | Invalid email address. |" time="0.7"/>
  <testcase classname="| firstname.lastname@domain.com | wrong_pass | Authentication failed. |" name="Given user is not authenticated" time="0"/>
  <testcase classname="| firstname.lastname@domain.com | wrong_pass | Authentication failed. |" name="And user is on the main page" time="0"/>
  <testcase classname="| firstname.lastname@domain.com | wrong_pass | Authentication failed. |" name="When user clicks &apos;Sign in&apos; button" time="0"/>
  <testcase classname="| firstname.lastname@domain.com | wrong_pass | Authentication failed. |" name="And user enters login &quot;firstname.lastname@domain.com&quot;" time="0"/>
  <testcase classname="| firstname.lastname@domain.com | wrong_pass | Authentication failed. |" name="And user enters password &quot;wrong_pass&quot;" time="0"/>
  <testcase classname="| firstname.lastname@domain.com | wrong_pass | Authentication failed. |" name="And submit form with the &apos;Sign in&apos; button" time="0"/>
  <testcase classname="| firstname.lastname@domain.com | wrong_pass | Authentication failed. |" name="Then user can see relevant validation message: &quot;Authentication failed.&quot;" time="0"/>
  <testcase classname="| firstname.lastname@domain.com | wrong_pass | Authentication failed. |" name="| firstname.lastname@domain.com | wrong_pass | Authentication failed. |" time="0.71"/>
  <testcase classname="| tooshort@pass.com | pass | Invalid password. |" name="Given user is not authenticated" time="0"/>
  <testcase classname="| tooshort@pass.com | pass | Invalid password. |" name="And user is on the main page" time="0"/>
  <testcase classname="| tooshort@pass.com | pass | Invalid password. |" name="When user clicks &apos;Sign in&apos; button" time="0"/>
  <testcase classname="| tooshort@pass.com | pass | Invalid password. |" name="And user enters login &quot;tooshort@pass.com&quot;" time="0"/>
  <testcase classname="| tooshort@pass.com | pass | Invalid password. |" name="And user enters password &quot;pass&quot;" time="0"/>
  <testcase classname="| tooshort@pass.com | pass | Invalid password. |" name="And submit form with the &apos;Sign in&apos; button" time="0"/>
  <testcase classname="| tooshort@pass.com | pass | Invalid password. |" name="Then user can see relevant validation message: &quot;Invalid password.&quot;" time="0"/>
  <testcase classname="| tooshort@pass.com | pass | Invalid password. |" name="| tooshort@pass.com | pass | Invalid password. |" time="0.722"/>
  <testcase classname="| empty@pass.pl |  | Password is required. |" name="Given user is not authenticated" time="0"/>
  <testcase classname="| empty@pass.pl |  | Password is required. |" name="And user is on the main page" time="0"/>
  <testcase classname="| empty@pass.pl |  | Password is required. |" name="When user clicks &apos;Sign in&apos; button" time="0"/>
  <testcase classname="| empty@pass.pl |  | Password is required. |" name="And user enters login &quot;empty@pass.pl&quot;" time="0"/>
  <testcase classname="| empty@pass.pl |  | Password is required. |" name="And user enters password &quot;&quot;" time="0"/>
  <testcase classname="| empty@pass.pl |  | Password is required. |" name="And submit form with the &apos;Sign in&apos; button" time="0"/>
  <testcase classname="| empty@pass.pl |  | Password is required. |" name="Then user can see relevant validation message: &quot;Password is required.&quot;" time="0"/>
  <testcase classname="| empty@pass.pl |  | Password is required. |" name="| empty@pass.pl |  | Password is required. |" time="0.737"/>
  <testcase classname="|  | empty_login | An email address required. |" name="Given user is not authenticated" time="0"/>
  <testcase classname="|  | empty_login | An email address required. |" name="And user is on the main page" time="0"/>
  <testcase classname="|  | empty_login | An email address required. |" name="When user clicks &apos;Sign in&apos; button" time="0"/>
  <testcase classname="|  | empty_login | An email address required. |" name="And user enters login &quot;&quot;" time="0"/>
  <testcase classname="|  | empty_login | An email address required. |" name="And user enters password &quot;empty_login&quot;" time="0"/>
  <testcase classname="|  | empty_login | An email address required. |" name="And submit form with the &apos;Sign in&apos; button" time="0"/>
  <testcase classname="|  | empty_login | An email address required. |" name="Then user can see relevant validation message: &quot;An email address required.&quot;" time="0"/>
  <testcase classname="|  | empty_login | An email address required. |" name="|  | empty_login | An email address required. |" time="0.719"/>
  <testcase classname="| unregistered_email@domain.com | xyz_password | Authentication failed. |" name="Given user is not authenticated" time="0"/>
  <testcase classname="| unregistered_email@domain.com | xyz_password | Authentication failed. |" name="And user is on the main page" time="0"/>
  <testcase classname="| unregistered_email@domain.com | xyz_password | Authentication failed. |" name="When user clicks &apos;Sign in&apos; button" time="0"/>
  <testcase classname="| unregistered_email@domain.com | xyz_password | Authentication failed. |" name="And user enters login &quot;unregistered_email@domain.com&quot;" time="0"/>
  <testcase classname="| unregistered_email@domain.com | xyz_password | Authentication failed. |" name="And user enters password &quot;xyz_password&quot;" time="0"/>
  <testcase classname="| unregistered_email@domain.com | xyz_password | Authentication failed. |" name="And submit form with the &apos;Sign in&apos; button" time="0"/>
  <testcase classname="| unregistered_email@domain.com | xyz_password | Authentication failed. |" name="Then user can see relevant validation message: &quot;Authentication failed.&quot;" time="0"/>
  <testcase classname="| unregistered_email@domain.com | xyz_password | Authentication failed. |" name="| unregistered_email@domain.com | xyz_password | Authentication failed. |" time="0.716"/>
</testsuite>